<?xml version="1.0" encoding="UTF-8"?>
<!-- Generated by org.testng.reporters.JUnitReportReporter -->
<testsuite skipped="0" hostname="yahya" name="scripts._02_AppleTest" tests="1" failures="0" timestamp="2023-06-10T13:42:47 CDT" time="6.771" errors="0">
  <testcase name="validateTitleAndURL" time="6.771" classname="scripts._02_AppleTest"/>
  <system-out/>
</testsuite> <!-- scripts._02_AppleTest -->
