<?xml version="1.0" encoding="UTF-8"?>
<!-- Generated by org.testng.reporters.JUnitReportReporter -->
<testsuite skipped="0" hostname="yahya" name="scripts._05_FacebookTest" tests="2" failures="0" timestamp="2023-06-10T13:42:47 CDT" time="7.983" errors="0">
  <testcase name="validateFacebookLoginForm" time="3.878" classname="scripts._05_FacebookTest"/>
  <system-out/>
  <testcase name="validateFacebookInvalidLoginAttempt" time="4.105" classname="scripts._05_FacebookTest"/>
  <system-out/>
</testsuite> <!-- scripts._05_FacebookTest -->
