<?xml version="1.0" encoding="UTF-8"?>
<!-- Generated by org.testng.reporters.JUnitReportReporter -->
<testsuite skipped="0" hostname="yahya" name="scripts._01_GoogleTest" tests="4" failures="0" timestamp="2023-06-04T14:05:25 CDT" time="49.308" errors="0">
  <testcase name="validateNavigation" time="22.175" classname="scripts._01_GoogleTest"/>
  <system-out/>
  <testcase name="validateSearchButton" time="8.703" classname="scripts._01_GoogleTest"/>
  <system-out/>
  <testcase name="validateTitleAndURL" time="8.771" classname="scripts._01_GoogleTest"/>
  <system-out/>
  <testcase name="ValidateSearchBar" time="9.659" classname="scripts._01_GoogleTest"/>
  <system-out/>
</testsuite> <!-- scripts._01_GoogleTest -->
