<?xml version="1.0" encoding="UTF-8"?>
<!-- Generated by org.testng.reporters.JUnitReportReporter -->
<testsuite skipped="0" hostname="yahya" name="scripts._10_TGRadioButtonTest" tests="2" failures="0" timestamp="2023-06-05T19:54:28 CDT" time="7.447" errors="0">
  <testcase name="Radioinput" time="3.784" classname="scripts._10_TGRadioButtonTest"/>
  <system-out/>
  <testcase name="radioInput2" time="3.663" classname="scripts._10_TGRadioButtonTest"/>
  <system-out/>
</testsuite> <!-- scripts._10_TGRadioButtonTest -->
