<?xml version="1.0" encoding="UTF-8"?>
<!-- Generated by org.testng.reporters.JUnitReportReporter -->
<testsuite skipped="0" hostname="yahya" name="scripts._12_TGAlertsTest" tests="3" failures="0" timestamp="2023-06-10T13:42:47 CDT" time="11.263" errors="0">
  <testcase name="warningAlerts" time="3.798" classname="scripts._12_TGAlertsTest"/>
  <system-out/>
  <testcase name="validateAlert" time="3.901" classname="scripts._12_TGAlertsTest"/>
  <system-out/>
  <testcase name="validateConfirmationAlert" time="3.564" classname="scripts._12_TGAlertsTest"/>
  <system-out/>
</testsuite> <!-- scripts._12_TGAlertsTest -->
