<?xml version="1.0" encoding="UTF-8"?>
<!-- Generated by org.testng.reporters.JUnitReportReporter -->
<testsuite skipped="0" hostname="yahya" name="scripts._06_WikiTest" tests="1" failures="0" timestamp="2023-06-10T13:42:47 CDT" time="3.792" errors="0">
  <testcase name="validateWikiSearch" time="3.792" classname="scripts._06_WikiTest"/>
  <system-out/>
</testsuite> <!-- scripts._06_WikiTest -->
