<?xml version="1.0" encoding="UTF-8"?>
<!-- Generated by org.testng.reporters.JUnitReportReporter -->
<testsuite skipped="0" hostname="yahya" name="scripts._12_TGAlertsTest" tests="3" failures="0" timestamp="2023-06-05T19:54:28 CDT" time="10.261" errors="0">
  <testcase name="validateAlert" time="3.512" classname="scripts._12_TGAlertsTest"/>
  <system-out/>
  <testcase name="validateConfirmationAlert" time="3.488" classname="scripts._12_TGAlertsTest"/>
  <system-out/>
  <testcase name="warningAlerts" time="3.261" classname="scripts._12_TGAlertsTest"/>
  <system-out/>
</testsuite> <!-- scripts._12_TGAlertsTest -->
