<?xml version="1.0" encoding="UTF-8"?>
<!-- Generated by org.testng.reporters.JUnitReportReporter -->
<testsuite skipped="0" hostname="yahya" name="scripts._04_TGLocatorsTest" tests="4" failures="0" timestamp="2023-06-10T13:42:47 CDT" time="13.765" errors="0">
  <testcase name="validateTheHeader" time="3.330" classname="scripts._04_TGLocatorsTest"/>
  <system-out/>
  <testcase name="validateLanguages" time="3.482" classname="scripts._04_TGLocatorsTest"/>
  <system-out/>
  <testcase name="ValidateAutomationTools" time="3.496" classname="scripts._04_TGLocatorsTest"/>
  <system-out/>
  <testcase name="validateListHeaders" time="3.457" classname="scripts._04_TGLocatorsTest"/>
  <system-out/>
</testsuite> <!-- scripts._04_TGLocatorsTest -->
