<?xml version="1.0" encoding="UTF-8"?>
<!-- Generated by org.testng.reporters.JUnitReportReporter -->
<testsuite skipped="0" hostname="yahya" name="scripts._03_TGLocatorsTest" tests="6" failures="0" timestamp="2023-06-10T13:42:47 CDT" time="24.318" errors="0">
  <testcase name="validateRedAppleLink" time="3.345" classname="scripts._03_TGLocatorsTest"/>
  <system-out/>
  <testcase name="validateGrapesParagraph" time="3.188" classname="scripts._03_TGLocatorsTest"/>
  <system-out/>
  <testcase name="validateAllLinks" time="3.540" classname="scripts._03_TGLocatorsTest"/>
  <system-out/>
  <testcase name="validateOrangeParagraph" time="3.219" classname="scripts._03_TGLocatorsTest"/>
  <system-out/>
  <testcase name="ValidateAllParagraph" time="5.647" classname="scripts._03_TGLocatorsTest"/>
  <system-out/>
  <testcase name="validateKiwiParagraph" time="5.379" classname="scripts._03_TGLocatorsTest"/>
  <system-out/>
</testsuite> <!-- scripts._03_TGLocatorsTest -->
