<?xml version="1.0" encoding="UTF-8"?>
<!-- Generated by org.testng.reporters.JUnitReportReporter -->
<testsuite skipped="0" hostname="yahya" name="scripts._01_GoogleTest" tests="4" failures="0" timestamp="2023-06-05T19:54:28 CDT" time="48.517" errors="0">
  <testcase name="validateNavigation" time="20.436" classname="scripts._01_GoogleTest"/>
  <system-out/>
  <testcase name="validateSearchButton" time="8.107" classname="scripts._01_GoogleTest"/>
  <system-out/>
  <testcase name="validateTitleAndURL" time="11.569" classname="scripts._01_GoogleTest"/>
  <system-out/>
  <testcase name="ValidateSearchBar" time="8.405" classname="scripts._01_GoogleTest"/>
  <system-out/>
</testsuite> <!-- scripts._01_GoogleTest -->
