<?xml version="1.0" encoding="UTF-8"?>
<!-- Generated by org.testng.reporters.JUnitReportReporter -->
<testsuite skipped="0" hostname="yahya" name="scripts._09_TGCheckboxTest" tests="2" failures="0" timestamp="2023-06-05T19:54:28 CDT" time="6.930" errors="0">
  <testcase name="checkBoxes" time="3.421" classname="scripts._09_TGCheckboxTest"/>
  <system-out/>
  <testcase name="checkBoxes2" time="3.509" classname="scripts._09_TGCheckboxTest"/>
  <system-out/>
</testsuite> <!-- scripts._09_TGCheckboxTest -->
