<?xml version="1.0" encoding="UTF-8"?>
<!-- Generated by org.testng.reporters.JUnitReportReporter -->
<testsuite skipped="0" hostname="yahya" name="scripts._13_IFrameTest" tests="2" failures="0" timestamp="2023-06-10T13:42:47 CDT" time="7.959" errors="0">
  <testcase name="validateTheParagraph" time="3.864" classname="scripts._13_IFrameTest"/>
  <system-out/>
  <testcase name="validateTheFormSubmission" time="4.095" classname="scripts._13_IFrameTest"/>
  <system-out/>
</testsuite> <!-- scripts._13_IFrameTest -->
