<?xml version="1.0" encoding="UTF-8"?>
<!-- Generated by org.testng.reporters.JUnitReportReporter -->
<testsuite skipped="0" hostname="yahya" name="scripts._11_TGDropdownsTest" tests="4" failures="0" timestamp="2023-06-05T19:54:28 CDT" time="44.247" errors="0">
  <testcase name="productDropDownTest" time="3.460" classname="scripts._11_TGDropdownsTest"/>
  <system-out/>
  <testcase name="validateResult" time="3.993" classname="scripts._11_TGDropdownsTest"/>
  <system-out/>
  <testcase name="productColorTest" time="3.434" classname="scripts._11_TGDropdownsTest"/>
  <system-out/>
  <testcase name="productDeliveryTest" time="33.360" classname="scripts._11_TGDropdownsTest"/>
  <system-out/>
</testsuite> <!-- scripts._11_TGDropdownsTest -->
