<?xml version="1.0" encoding="UTF-8"?>
<!-- Generated by org.testng.reporters.JUnitReportReporter -->
<testsuite skipped="0" hostname="yahya" name="scripts._07_TGDynamicElementsTest" tests="3" failures="0" timestamp="2023-06-04T14:05:25 CDT" time="10.112" errors="0">
  <testcase name="validateDynamicElementBox2" time="3.395" classname="scripts._07_TGDynamicElementsTest"/>
  <system-out/>
  <testcase name="validateDynamicElementBox" time="3.269" classname="scripts._07_TGDynamicElementsTest"/>
  <system-out/>
  <testcase name="validateDynamicElementBox1" time="3.448" classname="scripts._07_TGDynamicElementsTest"/>
  <system-out/>
</testsuite> <!-- scripts._07_TGDynamicElementsTest -->
