<?xml version="1.0" encoding="UTF-8"?>
<!-- Generated by org.testng.reporters.JUnitReportReporter -->
<testsuite skipped="0" hostname="yahya" name="scripts._07_TGDynamicElementsTest" tests="3" failures="0" timestamp="2023-06-05T19:54:28 CDT" time="10.356" errors="0">
  <testcase name="validateDynamicElementBox2" time="3.457" classname="scripts._07_TGDynamicElementsTest"/>
  <system-out/>
  <testcase name="validateDynamicElementBox" time="3.340" classname="scripts._07_TGDynamicElementsTest"/>
  <system-out/>
  <testcase name="validateDynamicElementBox1" time="3.559" classname="scripts._07_TGDynamicElementsTest"/>
  <system-out/>
</testsuite> <!-- scripts._07_TGDynamicElementsTest -->
