<?xml version="1.0" encoding="UTF-8"?>
<!-- Generated by org.testng.reporters.JUnitReportReporter -->
<testsuite skipped="0" hostname="yahya" name="scripts._01_GoogleTest" tests="4" failures="0" timestamp="2023-06-10T13:42:47 CDT" time="56.576" errors="0">
  <testcase name="validateNavigation" time="25.645" classname="scripts._01_GoogleTest"/>
  <system-out/>
  <testcase name="validateSearchButton" time="13.393" classname="scripts._01_GoogleTest"/>
  <system-out/>
  <testcase name="validateTitleAndURL" time="9.229" classname="scripts._01_GoogleTest"/>
  <system-out/>
  <testcase name="ValidateSearchBar" time="8.309" classname="scripts._01_GoogleTest"/>
  <system-out/>
</testsuite> <!-- scripts._01_GoogleTest -->
