<?xml version="1.0" encoding="UTF-8"?>
<!-- Generated by org.testng.reporters.JUnitReportReporter -->
<testsuite skipped="0" hostname="yahya" name="scripts._14_MultipleWindowsTest" tests="4" failures="0" timestamp="2023-06-10T13:42:47 CDT" time="46.907" errors="0">
  <testcase name="validateTheAppleNavigation" time="5.643" classname="scripts._14_MultipleWindowsTest"/>
  <system-out/>
  <testcase name="validateTheMicrosoftNavigation" time="16.131" classname="scripts._14_MultipleWindowsTest"/>
  <system-out/>
  <testcase name="validateTheTeslaNavigation" time="7.350" classname="scripts._14_MultipleWindowsTest"/>
  <system-out/>
  <testcase name="validateTheLinkURLs" time="17.783" classname="scripts._14_MultipleWindowsTest"/>
  <system-out/>
</testsuite> <!-- scripts._14_MultipleWindowsTest -->
