<?xml version="1.0" encoding="UTF-8"?>
<!-- Generated by org.testng.reporters.JUnitReportReporter -->
<testsuite skipped="0" hostname="yahya" name="scripts._11_TGDropdownsTest" tests="4" failures="0" timestamp="2023-06-10T13:42:47 CDT" time="44.596" errors="0">
  <testcase name="productDropDownTest" time="3.542" classname="scripts._11_TGDropdownsTest"/>
  <system-out/>
  <testcase name="productColorTest" time="3.552" classname="scripts._11_TGDropdownsTest"/>
  <system-out/>
  <testcase name="validateResult" time="4.025" classname="scripts._11_TGDropdownsTest"/>
  <system-out/>
  <testcase name="productDeliveryTest" time="33.477" classname="scripts._11_TGDropdownsTest"/>
  <system-out/>
</testsuite> <!-- scripts._11_TGDropdownsTest -->
