<?xml version="1.0" encoding="UTF-8"?>
<!-- Generated by org.testng.reporters.JUnitReportReporter -->
<testsuite skipped="0" hostname="yahya" name="scripts._07_TGDynamicElementsTest" tests="3" failures="0" timestamp="2023-06-10T13:42:47 CDT" time="11.750" errors="0">
  <testcase name="validateDynamicElementBox1" time="3.697" classname="scripts._07_TGDynamicElementsTest"/>
  <system-out/>
  <testcase name="validateDynamicElementBox" time="4.078" classname="scripts._07_TGDynamicElementsTest"/>
  <system-out/>
  <testcase name="validateDynamicElementBox2" time="3.975" classname="scripts._07_TGDynamicElementsTest"/>
  <system-out/>
</testsuite> <!-- scripts._07_TGDynamicElementsTest -->
