<?xml version="1.0" encoding="UTF-8"?>
<!-- Generated by org.testng.reporters.JUnitReportReporter -->
<testsuite skipped="0" hostname="yahya" name="scripts._13_IFrameTest" tests="2" failures="0" timestamp="2023-06-05T19:54:28 CDT" time="7.877" errors="0">
  <testcase name="validateTheParagraph" time="3.936" classname="scripts._13_IFrameTest"/>
  <system-out/>
  <testcase name="validateTheFormSubmission" time="3.941" classname="scripts._13_IFrameTest"/>
  <system-out/>
</testsuite> <!-- scripts._13_IFrameTest -->
