<?xml version="1.0" encoding="UTF-8"?>
<!-- Generated by org.testng.reporters.JUnitReportReporter -->
<testsuite skipped="0" hostname="yahya" name="scripts._02_AppleTest" tests="1" failures="0" timestamp="2023-06-04T14:05:25 CDT" time="6.865" errors="0">
  <testcase name="validateTitleAndURL" time="6.865" classname="scripts._02_AppleTest"/>
  <system-out/>
</testsuite> <!-- scripts._02_AppleTest -->
