<?xml version="1.0" encoding="UTF-8"?>
<!-- Generated by org.testng.reporters.JUnitReportReporter -->
<testsuite skipped="0" hostname="yahya" name="scripts._09_TGCheckboxTest" tests="2" failures="0" timestamp="2023-06-10T13:42:47 CDT" time="7.150" errors="0">
  <testcase name="checkBoxes2" time="3.677" classname="scripts._09_TGCheckboxTest"/>
  <system-out/>
  <testcase name="checkBoxes" time="3.473" classname="scripts._09_TGCheckboxTest"/>
  <system-out/>
</testsuite> <!-- scripts._09_TGCheckboxTest -->
