<?xml version="1.0" encoding="UTF-8"?>
<!-- Generated by org.testng.reporters.JUnitReportReporter -->
<testsuite skipped="0" hostname="yahya" name="scripts._04_TGLocatorsTest" tests="4" failures="0" timestamp="2023-06-04T14:05:25 CDT" time="13.964" errors="0">
  <testcase name="validateLanguages" time="3.767" classname="scripts._04_TGLocatorsTest"/>
  <system-out/>
  <testcase name="validateTheHeader" time="3.329" classname="scripts._04_TGLocatorsTest"/>
  <system-out/>
  <testcase name="ValidateAutomationTools" time="3.526" classname="scripts._04_TGLocatorsTest"/>
  <system-out/>
  <testcase name="validateListHeaders" time="3.342" classname="scripts._04_TGLocatorsTest"/>
  <system-out/>
</testsuite> <!-- scripts._04_TGLocatorsTest -->
