<?xml version="1.0" encoding="UTF-8"?>
<!-- Generated by org.testng.reporters.JUnitReportReporter -->
<testsuite skipped="0" hostname="yahya" name="scripts._10_TGRadioButtonTest" tests="2" failures="0" timestamp="2023-06-10T13:42:47 CDT" time="7.425" errors="0">
  <testcase name="Radioinput" time="3.691" classname="scripts._10_TGRadioButtonTest"/>
  <system-out/>
  <testcase name="radioInput2" time="3.734" classname="scripts._10_TGRadioButtonTest"/>
  <system-out/>
</testsuite> <!-- scripts._10_TGRadioButtonTest -->
