<?xml version="1.0" encoding="UTF-8"?>
<!-- Generated by org.testng.reporters.JUnitReportReporter -->
<testsuite skipped="0" hostname="yahya" name="scripts._03_TGLocatorsTest" tests="6" failures="0" timestamp="2023-06-04T14:05:25 CDT" time="20.416" errors="0">
  <testcase name="validateGrapesParagraph" time="3.249" classname="scripts._03_TGLocatorsTest"/>
  <system-out/>
  <testcase name="ValidateAllParagraph" time="3.786" classname="scripts._03_TGLocatorsTest"/>
  <system-out/>
  <testcase name="validateKiwiParagraph" time="3.089" classname="scripts._03_TGLocatorsTest"/>
  <system-out/>
  <testcase name="validateOrangeParagraph" time="3.360" classname="scripts._03_TGLocatorsTest"/>
  <system-out/>
  <testcase name="validateRedAppleLink" time="3.582" classname="scripts._03_TGLocatorsTest"/>
  <system-out/>
  <testcase name="validateAllLinks" time="3.350" classname="scripts._03_TGLocatorsTest"/>
  <system-out/>
</testsuite> <!-- scripts._03_TGLocatorsTest -->
