<?xml version="1.0" encoding="UTF-8"?>
<!-- Generated by org.testng.reporters.JUnitReportReporter -->
<testsuite skipped="0" hostname="yahya" name="scripts._03_TGLocatorsTest" tests="6" failures="0" timestamp="2023-06-05T19:54:28 CDT" time="19.970" errors="0">
  <testcase name="validateRedAppleLink" time="3.384" classname="scripts._03_TGLocatorsTest"/>
  <system-out/>
  <testcase name="validateGrapesParagraph" time="3.163" classname="scripts._03_TGLocatorsTest"/>
  <system-out/>
  <testcase name="ValidateAllParagraph" time="3.415" classname="scripts._03_TGLocatorsTest"/>
  <system-out/>
  <testcase name="validateOrangeParagraph" time="3.405" classname="scripts._03_TGLocatorsTest"/>
  <system-out/>
  <testcase name="validateAllLinks" time="3.404" classname="scripts._03_TGLocatorsTest"/>
  <system-out/>
  <testcase name="validateKiwiParagraph" time="3.199" classname="scripts._03_TGLocatorsTest"/>
  <system-out/>
</testsuite> <!-- scripts._03_TGLocatorsTest -->
