<?xml version="1.0" encoding="UTF-8"?>
<!-- Generated by org.testng.reporters.JUnitReportReporter -->
<testsuite skipped="0" hostname="yahya" name="scripts._06_WikiTest" tests="1" failures="0" timestamp="2023-06-05T19:54:28 CDT" time="4.022" errors="0">
  <testcase name="validateWikiSearch" time="4.022" classname="scripts._06_WikiTest"/>
  <system-out/>
</testsuite> <!-- scripts._06_WikiTest -->
